Log file open, 10/11/18 16:17:21
LogPluginManager: Mounting plugin Paper2D
LogPluginManager: Mounting plugin AISupport
LogPluginManager: Mounting plugin LightPropagationVolume
LogPluginManager: Mounting plugin CLionSourceCodeAccess
LogPluginManager: Mounting plugin CodeLiteSourceCodeAccess
LogPluginManager: Mounting plugin KDevelopSourceCodeAccess
LogPluginManager: Mounting plugin NullSourceCodeAccess
LogPluginManager: Mounting plugin PerforceSourceControl
LogPluginManager: Mounting plugin SubversionSourceControl
LogPluginManager: Mounting plugin UObjectPlugin
LogPluginManager: Mounting plugin VisualStudioCodeSourceCodeAccess
LogPluginManager: Mounting plugin VisualStudioSourceCodeAccess
LogPluginManager: Mounting plugin XCodeSourceCodeAccess
LogPluginManager: Mounting plugin BinkPlayer
LogPluginManager: Mounting plugin AssetManagerEditor
LogPluginManager: Mounting plugin CryptoKeys
LogPluginManager: Mounting plugin DataValidation
LogPluginManager: Mounting plugin FacialAnimation
LogPluginManager: Mounting plugin GameplayTagsEditor
LogPluginManager: Mounting plugin MacGraphicsSwitching
LogPluginManager: Mounting plugin MeshEditor
LogPluginManager: Mounting plugin MobileLauncherProfileWizard
LogPluginManager: Mounting plugin PluginBrowser
LogPluginManager: Mounting plugin SpeedTreeImporter
LogPluginManager: Mounting plugin DatasmithContent
LogPluginManager: Mounting plugin AlembicImporter
LogPluginManager: Mounting plugin AppleImageUtils
LogPluginManager: Mounting plugin AppleVision
LogPluginManager: Mounting plugin BackChannel
LogPluginManager: Mounting plugin CharacterAI
LogPluginManager: Mounting plugin GeometryCache
LogPluginManager: Mounting plugin ProxyLODPlugin
LogPluginManager: Mounting plugin AvfMedia
LogPluginManager: Mounting plugin ImgMedia
LogPluginManager: Mounting plugin LinearTimecode
LogPluginManager: Mounting plugin MediaCompositing
LogPluginManager: Mounting plugin MediaPlayerEditor
LogPluginManager: Mounting plugin WmfMedia
LogPluginManager: Mounting plugin TcpMessaging
LogPluginManager: Mounting plugin UdpMessaging
LogPluginManager: Mounting plugin ActorSequence
LogPluginManager: Mounting plugin LevelSequenceEditor
LogPluginManager: Mounting plugin MatineeToLevelSequence
LogPluginManager: Mounting plugin NetcodeUnitTest
LogPluginManager: Mounting plugin NUTUnrealEngine4
LogPluginManager: Mounting plugin OnlineSubsystem
LogPluginManager: Mounting plugin OnlineSubsystemNull
LogPluginManager: Mounting plugin OnlineSubsystemUtils
LogPluginManager: Mounting plugin LauncherChunkInstaller
LogPluginManager: Mounting plugin AppleMoviePlayer
LogPluginManager: Mounting plugin ArchVisCharacter
LogPluginManager: Mounting plugin AudioCapture
LogPluginManager: Mounting plugin CableComponent
LogPluginManager: Mounting plugin CustomMeshComponent
LogPluginManager: Mounting plugin EditableMesh
LogPluginManager: Mounting plugin ExampleDeviceProfileSelector
LogPluginManager: Mounting plugin GoogleCloudMessaging
LogPluginManager: Mounting plugin ImmediatePhysics
LogPluginManager: Mounting plugin LocationServicesBPLibrary
LogPluginManager: Mounting plugin MobilePatchingUtils
LogPluginManager: Mounting plugin OculusVR
LogPluginManager: Plugin shader directory ../../../Engine/Plugins/Runtime/Oculus/OculusVR/Shaders found
LogPluginManager: Mapping shader source directory ../../../Engine/Plugins/Runtime/Oculus/OculusVR/Shaders to virtual directory /Plugin/OculusVR
LogPluginManager: Mounting plugin PhysXVehicles
LogPluginManager: Mounting plugin ProceduralMeshComponent
LogPluginManager: Mounting plugin RuntimePhysXCooking
LogPluginManager: Mounting plugin SteamVR
LogPluginManager: Mounting plugin WindowsMoviePlayer
LogStreaming: Display: Took  0.388s to configure plugins.
LogInit: Using libcurl 7.55.1-DEV
LogInit:  - built for x86_64-pc-win32
LogInit:  - supports SSL with OpenSSL/1.0.2h
LogInit:  - supports HTTP deflate (compression) using libz 1.2.8
LogInit:  - other features:
LogInit:      CURL_VERSION_SSL
LogInit:      CURL_VERSION_LIBZ
LogInit:      CURL_VERSION_IPV6
LogInit:      CURL_VERSION_ASYNCHDNS
LogInit:      CURL_VERSION_LARGEFILE
LogInit:      CURL_VERSION_IDN
LogInit:  CurlRequestOptions (configurable via config and command line):
LogInit:  - bVerifyPeer = false  - Libcurl will NOT verify peer certificate
LogInit:  - bUseHttpProxy = false  - Libcurl will NOT use HTTP proxy
LogInit:  - bDontReuseConnections = false  - Libcurl will reuse connections
LogInit:  - CertBundlePath = nullptr  - Libcurl will use whatever was configured at build time.
LogInit:  - MaxHostConnections = 16  - Libcurl will limit the number of connections to a host
LogInit:  - LocalHostAddr = Default
LogInit:  - BufferSize = 65536
LogInit: WinSock: version 1.1 (2.2), MaxSocks=32767, MaxUdp=65467
LogHMD: Failed initializing OVRPlugin 1.25.0
LogInit: Build: ++UE4+Release-4.20-CL-0
LogInit: Engine Version: 4.20.3-0+++UE4+Release-4.20
LogInit: Compatible Engine Version: 4.20.0-0+++UE4+Release-4.20
LogInit: Net CL: 0
LogInit: OS: Windows 10 (), CPU: Intel(R) Xeon(R) W-2135 CPU @ 3.70GHz, GPU: NVIDIA GeForce GTX 1080 Ti
LogInit: Compiled (64-bit): Sep 28 2018 17:18:34
LogInit: Compiled with Visual C++: 19.14.26433.00
LogInit: Build Configuration: Development
LogInit: Branch Name: ++UE4+Release-4.20
LogInit: Command Line: -novsync -FullScreen -disableMPCDI -d3d11 -stdout -NotInstalled localhost
LogInit: Base Directory: d:/dumeng/cts-snapshots-ue4-wdi-master-57-binary/Engine/Binaries/Win64/
LogInit: Installed Engine Build: 0
LogDevObjectVersion: Number of dev versions registered: 20
LogDevObjectVersion:   Dev-Blueprints (B0D832E4-1F89-4F0D-ACCF-7EB736FD4AA2): 10
LogDevObjectVersion:   Dev-Build (E1C64328-A22C-4D53-A36C-8E866417BD8C): 0
LogDevObjectVersion:   Dev-Core (375EC13C-06E4-48FB-B500-84F0262A717E): 2
LogDevObjectVersion:   Dev-Editor (E4B068ED-F494-42E9-A231-DA0B2E46BB41): 24
LogDevObjectVersion:   Dev-Framework (CFFC743F-43B0-4480-9391-14DF171D2073): 34
LogDevObjectVersion:   Dev-Mobile (B02B49B5-BB20-44E9-A304-32B752E40360): 2
LogDevObjectVersion:   Dev-Networking (A4E4105C-59A1-49B5-A7C5-40C4547EDFEE): 0
LogDevObjectVersion:   Dev-Online (39C831C9-5AE6-47DC-9A44-9C173E1C8E7C): 0
LogDevObjectVersion:   Dev-Physics (78F01B33-EBEA-4F98-B9B4-84EACCB95AA2): 0
LogDevObjectVersion:   Dev-Platform (6631380F-2D4D-43E0-8009-CF276956A95A): 0
LogDevObjectVersion:   Dev-Rendering (12F88B9F-8875-4AFC-A67C-D90C383ABD29): 26
LogDevObjectVersion:   Dev-Sequencer (7B5AE74C-D270-4C10-A958-57980B212A5A): 9
LogDevObjectVersion:   Dev-VR (D7296918-1DD6-4BDD-9DE2-64A83CC13884): 2
LogDevObjectVersion:   Dev-LoadTimes (C2A15278-BFE7-4AFE-6C17-90FF531DF755): 1
LogDevObjectVersion:   Private-Geometry (6EACA3D4-40EC-4CC1-B786-8BED09428FC5): 3
LogDevObjectVersion:   Dev-AnimPhys (29E575DD-E0A3-4627-9D10-D276232CDCEA): 17
LogDevObjectVersion:   Dev-ReflectionCapture (6B266CEC-1EC7-4B8F-A30B-E4D90942FC07): 1
LogDevObjectVersion:   Dev-Automation (0DF73D61-A23F-47EA-B727-89E90C41499A): 1
LogDevObjectVersion:   FortniteMain (601D1886-AC64-4F84-AA16-D3DE0DEAC7D6): 12
LogDevObjectVersion:   Dev-Enterprise (9DFFBCD6-494F-0158-E221-12823C92A888): 1
LogStreaming: Display: Took  0.001s to delete old logs.
LogInit: Presizing for max 8388607 objects, including 0 objects not considered by GC, pre-allocating 0 bytes for permanent pool.
LogInit: Object subsystem initialized
[2018.10.11-23.17.22:485][  0]LogInit: Selected Device Profile: [Windows]
[2018.10.11-23.17.22:485][  0]LogInit: Applying CVar settings loaded from the selected device profile: [Windows]
[2018.10.11-23.17.22:512][  0]LogHAL: Display: Platform has ~ 64 GB [68425572352 / 68719476736 / 64], which maps to Largest [LargestMinGB=32, LargerMinGB=12, DefaultMinGB=8, SmallerMinGB=6, SmallestMinGB=0)
[2018.10.11-23.17.22:512][  0]LogInit: Setting Device Profile CVar: [[r.Vulkan.UseRealUBs:1]]
[2018.10.11-23.17.22:512][  0]LogInit: Going up to parent DeviceProfile []
[2018.10.11-23.17.22:514][  0]LogInit: Computer: WX-2UA83025BX
[2018.10.11-23.17.22:514][  0]LogInit: User: kongs026
[2018.10.11-23.17.22:514][  0]LogInit: CPU Page size=4096, Cores=6
[2018.10.11-23.17.22:514][  0]LogInit: High frequency timer resolution =3.609374 MHz
[2018.10.11-23.17.22:515][  0]LogMemory: Memory total: Physical=63.7GB (64GB approx)
[2018.10.11-23.17.22:515][  0]LogMemory: Platform Memory Stats for Windows
[2018.10.11-23.17.22:515][  0]LogMemory: Process Physical Memory: 103.88 MB used, 103.88 MB peak
[2018.10.11-23.17.22:515][  0]LogMemory: Process Virtual Memory: 95.58 MB used, 95.58 MB peak
[2018.10.11-23.17.22:515][  0]LogMemory: Physical Memory: 8619.57 MB used,  56636.14 MB free, 65255.71 MB total
[2018.10.11-23.17.22:515][  0]LogMemory: Virtual Memory: 581.97 MB used,  56636.14 MB free, 134217728.00 MB total
[2018.10.11-23.17.22:656][  0]LogInit: Using OS detected language (en-US).
[2018.10.11-23.17.22:656][  0]LogInit: Using OS detected locale (en-US).
[2018.10.11-23.17.22:658][  0]LogTextLocalizationManager: No specific localization for 'en-US' exists, so the 'en' localization will be used.
[2018.10.11-23.17.23:014][  0]LogStreaming: Display: Took  0.358s to InitEngineTextLocalization.
[2018.10.11-23.17.23:014][  0]LogInit: Setting process to per monitor DPI aware
[2018.10.11-23.17.23:077][  0]LogSlate: New Slate User Created.  User Index 0, Is Virtual User: 0
[2018.10.11-23.17.23:077][  0]LogSlate: Slate User Registered.  User Index 0, Is Virtual User: 0
[2018.10.11-23.17.24:343][  0]LogHMD: Failed to initialize OpenVR with code 110
[2018.10.11-23.17.24:343][  0]LogD3D11RHI: D3D11 adapters:
[2018.10.11-23.17.24:917][  0]LogD3D11RHI:    0. 'NVIDIA GeForce GTX 1080 Ti' (Feature Level 11_0)
[2018.10.11-23.17.24:917][  0]LogD3D11RHI:       11127/0/32627 MB DedicatedVideo/DedicatedSystem/SharedSystem, Outputs:2, VendorId:0x10de
[2018.10.11-23.17.24:921][  0]LogD3D11RHI:    1. 'Microsoft Basic Render Driver' (Feature Level 11_0)
[2018.10.11-23.17.24:922][  0]LogD3D11RHI:       0/0/32627 MB DedicatedVideo/DedicatedSystem/SharedSystem, Outputs:0, VendorId:0x1414
[2018.10.11-23.17.24:922][  0]LogD3D11RHI: Chosen D3D11 Adapter: 0
[2018.10.11-23.17.24:928][  0]LogD3D11RHI: Creating new Direct3DDevice
[2018.10.11-23.17.24:928][  0]LogD3D11RHI:     GPU DeviceId: 0x1b06 (for the marketing name, search the web for "GPU Device Id")
[2018.10.11-23.17.24:928][  0]LogWindows: EnumDisplayDevices:
[2018.10.11-23.17.24:928][  0]LogWindows:    0. 'NVIDIA GeForce GTX 1080 Ti' (P:0 D:1)
[2018.10.11-23.17.24:929][  0]LogWindows:    1. 'NVIDIA GeForce GTX 1080 Ti' (P:1 D:1)
[2018.10.11-23.17.24:929][  0]LogWindows:    2. 'NVIDIA GeForce GTX 1080 Ti' (P:0 D:0)
[2018.10.11-23.17.24:929][  0]LogWindows:    3. 'NVIDIA GeForce GTX 1080 Ti' (P:0 D:0)
[2018.10.11-23.17.24:929][  0]LogWindows: DebugString: FoundDriverCount:4 
[2018.10.11-23.17.24:929][  0]LogD3D11RHI:     Adapter Name: NVIDIA GeForce GTX 1080 Ti
[2018.10.11-23.17.24:929][  0]LogD3D11RHI:   Driver Version: 398.82 (internal:24.21.13.9882, unified:398.82)
[2018.10.11-23.17.24:929][  0]LogD3D11RHI:      Driver Date: 7-30-2018
[2018.10.11-23.17.24:929][  0]LogRHI: Texture pool is 7788 MB (70% of 11127 MB)
[2018.10.11-23.17.24:970][  0]LogD3D11RHI: Async texture creation enabled
[2018.10.11-23.17.24:987][  0]LogD3D11RHI: GPU Timing Frequency: 1000.000000 (Debug: 2 2)
[2018.10.11-23.17.25:079][  0]LogShaderCompilers: Guid format shader working directory is -1 characters bigger than the processId version (C:/Users/kongs026/Workspace/UE4_Projects/HelloWorld/Intermediate/Shaders/WorkingDirectory/11700/).
[2018.10.11-23.17.25:080][  0]LogShaderCompilers: Cleaned the shader compiler working directory 'C:/Users/kongs026/AppData/Local/Temp/1/UnrealShaderWorkingDir/A12467B944D4BB1B69832BB16096C9A8/'.
[2018.10.11-23.17.25:351][  0]LogTemp: Display: Loaded TP AllDesktopTargetPlatform
[2018.10.11-23.17.25:373][  0]LogTemp: Display: Loaded TP MacClientTargetPlatform
[2018.10.11-23.17.25:384][  0]LogTemp: Display: Loaded TP MacNoEditorTargetPlatform
[2018.10.11-23.17.25:392][  0]LogTemp: Display: Loaded TP MacServerTargetPlatform
[2018.10.11-23.17.25:411][  0]LogTemp: Display: Loaded TP MacTargetPlatform
[2018.10.11-23.17.25:432][  0]LogTemp: Display: Loaded TP WindowsClientTargetPlatform
[2018.10.11-23.17.25:441][  0]LogTemp: Display: Loaded TP WindowsNoEditorTargetPlatform
[2018.10.11-23.17.25:450][  0]LogTemp: Display: Loaded TP WindowsServerTargetPlatform
[2018.10.11-23.17.25:454][  0]LogTemp: Display: Loaded TP WindowsTargetPlatform
[2018.10.11-23.17.25:454][  0]LogTargetPlatformManager: Display: Building Assets For Windows
[2018.10.11-23.17.25:582][  0]LogXGEController: Cannot use XGE Controller as Incredibuild is not installed on this machine.
[2018.10.11-23.17.25:582][  0]LogShaderCompilers: Cannot use XGE Shader Compiler as Incredibuild is not installed on this machine.
[2018.10.11-23.17.25:582][  0]LogShaderCompilers: Display: Using Local Shader Compiler.
[2018.10.11-23.17.26:656][  0]LogDerivedDataCache: Display: Max Cache Size: 512 MB
[2018.10.11-23.17.26:656][  0]LogDerivedDataCache: Display: Starting with empty Boot cache
[2018.10.11-23.17.26:656][  0]LogDerivedDataCache: FDerivedDataBackendGraph:  Pak pak cache file C:/Users/kongs026/Workspace/UE4_Projects/HelloWorld/DerivedDataCache/DDC.ddp not found, will not use a pak cache.
[2018.10.11-23.17.26:656][  0]LogDerivedDataCache: Unable to find inner node Pak for hierarchical cache Hierarchy.
[2018.10.11-23.17.26:656][  0]LogDerivedDataCache: FDerivedDataBackendGraph:  EnginePak pak cache file ../../../Engine/DerivedDataCache/DDC.ddp not found, will not use a pak cache.
[2018.10.11-23.17.26:656][  0]LogDerivedDataCache: Unable to find inner node EnginePak for hierarchical cache Hierarchy.
[2018.10.11-23.17.26:674][  0]LogDerivedDataCache: Using Local data cache path ../../../Engine/DerivedDataCache: Writable
[2018.10.11-23.17.26:674][  0]LogDerivedDataCache: Shared data cache path not found in *engine.ini, will not use an Shared cache.
[2018.10.11-23.17.26:674][  0]LogDerivedDataCache: Unable to find inner node Shared for hierarchical cache Hierarchy.
[2018.10.11-23.17.26:730][  0]LogMaterial: Verifying Global Shaders for PCD3D_SM5
[2018.10.11-23.17.26:731][  0]LogSlate: Using FreeType 2.6.0
[2018.10.11-23.17.26:746][  0]LogSlate: SlateFontServices - WITH_FREETYPE: 1, WITH_HARFBUZZ: 1
[2018.10.11-23.17.27:108][  0]LogAssetRegistry: FAssetRegistry took 0.0268 seconds to start up
[2018.10.11-23.17.27:401][  0]LogInit: Selected Device Profile: [Windows]
[2018.10.11-23.17.27:524][  0]LogMeshReduction: Using ProxyLODMeshReduction for automatic mesh merging
[2018.10.11-23.17.27:524][  0]LogMeshReduction: Using QuadricMeshReduction for automatic static mesh reduction
[2018.10.11-23.17.27:524][  0]LogMeshReduction: No automatic skeletal mesh reduction module available
[2018.10.11-23.17.27:524][  0]LogMeshReduction: No distributed automatic mesh merging module available
[2018.10.11-23.17.27:524][  0]LogMeshMerging: No distributed automatic mesh merging module available
[2018.10.11-23.17.27:778][  0]LogNetVersion: HelloWorld 1.0.0, NetCL: 0, EngineNetVer: 5, GameNetVer: 0 (Checksum: 3234633831)
[2018.10.11-23.17.30:215][  0]LogPackageLocalizationCache: Processed 9 localized package path(s) for 2 prioritized culture(s) in 0.140852 seconds
[2018.10.11-23.17.30:221][  0]LogUObjectArray: 37836 objects as part of root set at end of initial load.
[2018.10.11-23.17.30:221][  0]LogUObjectAllocator: 6578744 out of 0 bytes used by permanent object pool.
[2018.10.11-23.17.30:221][  0]LogUObjectArray: CloseDisregardForGC: 0/0 objects in disregard for GC pool
[2018.10.11-23.17.31:013][  0]LogStreaming: Warning: Failed to read file '../../../Engine/Content/Editor/Slate/Icons/AssetIcons/DocumentationActor_16x.png' error.
[2018.10.11-23.17.31:013][  0]LogSlate: Could not find file for Slate resource: ../../../Engine/Content/Editor/Slate/Icons/AssetIcons/DocumentationActor_16x.png
[2018.10.11-23.17.31:013][  0]LogStreaming: Warning: Failed to read file '../../../Engine/Content/Editor/Slate/Icons/AssetIcons/DocumentationActor_64x.png' error.
[2018.10.11-23.17.31:013][  0]LogSlate: Could not find file for Slate resource: ../../../Engine/Content/Editor/Slate/Icons/AssetIcons/DocumentationActor_64x.png
[2018.10.11-23.17.31:198][  0]LogStreaming: Warning: Failed to read file '../../../Engine/Content/Editor/Slate/ContentBrowser/sources_16x.png' error.
[2018.10.11-23.17.31:198][  0]LogSlate: Could not find file for Slate resource: ../../../Engine/Content/Editor/Slate/ContentBrowser/sources_16x.png
[2018.10.11-23.17.31:198][  0]LogStreaming: Warning: Failed to read file '../../../Engine/Content/Editor/Slate/ContentBrowser/sourcestoggle_16x_collapsed.png' error.
[2018.10.11-23.17.31:198][  0]LogSlate: Could not find file for Slate resource: ../../../Engine/Content/Editor/Slate/ContentBrowser/sourcestoggle_16x_collapsed.png
[2018.10.11-23.17.31:198][  0]LogStreaming: Warning: Failed to read file '../../../Engine/Content/Editor/Slate/ContentBrowser/sourcestoggle_16x_expanded.png' error.
[2018.10.11-23.17.31:198][  0]LogSlate: Could not find file for Slate resource: ../../../Engine/Content/Editor/Slate/ContentBrowser/sourcestoggle_16x_expanded.png
[2018.10.11-23.17.31:343][  0]LogStreaming: Warning: Failed to read file '../../../Engine/Content/Editor/Slate/Old/SourceControl/SCC_Action_Add.png' error.
[2018.10.11-23.17.31:343][  0]LogSlate: Could not find file for Slate resource: ../../../Engine/Content/Editor/Slate/Old/SourceControl/SCC_Action_Add.png
[2018.10.11-23.17.31:343][  0]LogStreaming: Warning: Failed to read file '../../../Engine/Content/Editor/Slate/Old/SourceControl/SCC_Action_Edit.png' error.
[2018.10.11-23.17.31:343][  0]LogSlate: Could not find file for Slate resource: ../../../Engine/Content/Editor/Slate/Old/SourceControl/SCC_Action_Edit.png
[2018.10.11-23.17.31:343][  0]LogStreaming: Warning: Failed to read file '../../../Engine/Content/Editor/Slate/Old/SourceControl/SCC_Action_Delete.png' error.
[2018.10.11-23.17.31:343][  0]LogSlate: Could not find file for Slate resource: ../../../Engine/Content/Editor/Slate/Old/SourceControl/SCC_Action_Delete.png
[2018.10.11-23.17.31:343][  0]LogStreaming: Warning: Failed to read file '../../../Engine/Content/Editor/Slate/Old/SourceControl/SCC_Action_Branch.png' error.
[2018.10.11-23.17.31:343][  0]LogSlate: Could not find file for Slate resource: ../../../Engine/Content/Editor/Slate/Old/SourceControl/SCC_Action_Branch.png
[2018.10.11-23.17.31:343][  0]LogStreaming: Warning: Failed to read file '../../../Engine/Content/Editor/Slate/Old/SourceControl/SCC_Action_Integrate.png' error.
[2018.10.11-23.17.31:343][  0]LogSlate: Could not find file for Slate resource: ../../../Engine/Content/Editor/Slate/Old/SourceControl/SCC_Action_Integrate.png
[2018.10.11-23.17.31:343][  0]LogStreaming: Warning: Failed to read file '../../../Engine/Content/Editor/Slate/Icons/SourceControlOn_16x.png' error.
[2018.10.11-23.17.31:344][  0]LogSlate: Could not find file for Slate resource: ../../../Engine/Content/Editor/Slate/Icons/SourceControlOn_16x.png
[2018.10.11-23.17.31:344][  0]LogStreaming: Warning: Failed to read file '../../../Engine/Content/Editor/Slate/Icons/SourceControlProblem_16x.png' error.
[2018.10.11-23.17.31:344][  0]LogSlate: Could not find file for Slate resource: ../../../Engine/Content/Editor/Slate/Icons/SourceControlProblem_16x.png
[2018.10.11-23.17.31:344][  0]LogStreaming: Warning: Failed to read file '../../../Engine/Content/Editor/Slate/Icons/SourceControlOff_16x.png' error.
[2018.10.11-23.17.31:344][  0]LogSlate: Could not find file for Slate resource: ../../../Engine/Content/Editor/Slate/Icons/SourceControlOff_16x.png
[2018.10.11-23.17.31:344][  0]LogStreaming: Warning: Failed to read file '../../../Engine/Content/Editor/Slate/Icons/SourceControlUnknown_16x.png' error.
[2018.10.11-23.17.31:344][  0]LogSlate: Could not find file for Slate resource: ../../../Engine/Content/Editor/Slate/Icons/SourceControlUnknown_16x.png
[2018.10.11-23.17.31:379][  0]LogStreaming: Warning: Failed to read file '../../../Engine/Content/Editor/Slate/Launcher/Mac/Platform_Mac_24x.png' error.
[2018.10.11-23.17.31:379][  0]LogSlate: Could not find file for Slate resource: ../../../Engine/Content/Editor/Slate/Launcher/Mac/Platform_Mac_24x.png
[2018.10.11-23.17.31:379][  0]LogStreaming: Warning: Failed to read file '../../../Engine/Content/Editor/Slate/Launcher/Mac/Platform_Mac_128x.png' error.
[2018.10.11-23.17.31:379][  0]LogSlate: Could not find file for Slate resource: ../../../Engine/Content/Editor/Slate/Launcher/Mac/Platform_Mac_128x.png
[2018.10.11-23.17.31:379][  0]LogStreaming: Warning: Failed to read file '../../../Engine/Content/Editor/Slate/Launcher/Mac/Platform_Mac_128x.png' error.
[2018.10.11-23.17.31:379][  0]LogSlate: Could not find file for Slate resource: ../../../Engine/Content/Editor/Slate/Launcher/Mac/Platform_Mac_128x.png
[2018.10.11-23.17.31:379][  0]LogStreaming: Warning: Failed to read file '../../../Engine/Content/Editor/Slate/Launcher/Mac/Platform_Mac_24x.png' error.
[2018.10.11-23.17.31:379][  0]LogSlate: Could not find file for Slate resource: ../../../Engine/Content/Editor/Slate/Launcher/Mac/Platform_Mac_24x.png
[2018.10.11-23.17.31:379][  0]LogStreaming: Warning: Failed to read file '../../../Engine/Content/Editor/Slate/Launcher/Mac/Platform_Mac_128x.png' error.
[2018.10.11-23.17.31:379][  0]LogSlate: Could not find file for Slate resource: ../../../Engine/Content/Editor/Slate/Launcher/Mac/Platform_Mac_128x.png
[2018.10.11-23.17.31:379][  0]LogStreaming: Warning: Failed to read file '../../../Engine/Content/Editor/Slate/Launcher/Mac/Platform_Mac_128x.png' error.
[2018.10.11-23.17.31:379][  0]LogSlate: Could not find file for Slate resource: ../../../Engine/Content/Editor/Slate/Launcher/Mac/Platform_Mac_128x.png
[2018.10.11-23.17.31:379][  0]LogStreaming: Warning: Failed to read file '../../../Engine/Content/Editor/Slate/Launcher/Mac/Platform_Mac_24x.png' error.
[2018.10.11-23.17.31:379][  0]LogSlate: Could not find file for Slate resource: ../../../Engine/Content/Editor/Slate/Launcher/Mac/Platform_Mac_24x.png
[2018.10.11-23.17.31:379][  0]LogStreaming: Warning: Failed to read file '../../../Engine/Content/Editor/Slate/Launcher/Mac/Platform_Mac_128x.png' error.
[2018.10.11-23.17.31:379][  0]LogSlate: Could not find file for Slate resource: ../../../Engine/Content/Editor/Slate/Launcher/Mac/Platform_Mac_128x.png
[2018.10.11-23.17.31:379][  0]LogStreaming: Warning: Failed to read file '../../../Engine/Content/Editor/Slate/Launcher/Mac/Platform_Mac_128x.png' error.
[2018.10.11-23.17.31:379][  0]LogSlate: Could not find file for Slate resource: ../../../Engine/Content/Editor/Slate/Launcher/Mac/Platform_Mac_128x.png
[2018.10.11-23.17.31:379][  0]LogStreaming: Warning: Failed to read file '../../../Engine/Content/Editor/Slate/Launcher/Mac/Platform_Mac_24x.png' error.
[2018.10.11-23.17.31:379][  0]LogSlate: Could not find file for Slate resource: ../../../Engine/Content/Editor/Slate/Launcher/Mac/Platform_Mac_24x.png
[2018.10.11-23.17.31:379][  0]LogStreaming: Warning: Failed to read file '../../../Engine/Content/Editor/Slate/Launcher/Mac/Platform_Mac_128x.png' error.
[2018.10.11-23.17.31:379][  0]LogSlate: Could not find file for Slate resource: ../../../Engine/Content/Editor/Slate/Launcher/Mac/Platform_Mac_128x.png
[2018.10.11-23.17.31:379][  0]LogStreaming: Warning: Failed to read file '../../../Engine/Content/Editor/Slate/Launcher/Mac/Platform_Mac_128x.png' error.
[2018.10.11-23.17.31:379][  0]LogSlate: Could not find file for Slate resource: ../../../Engine/Content/Editor/Slate/Launcher/Mac/Platform_Mac_128x.png
[2018.10.11-23.17.31:379][  0]LogStreaming: Warning: Failed to read file '../../../Engine/Content/Editor/Slate/Launcher/Linux/Platform_Linux_24x.png' error.
[2018.10.11-23.17.31:379][  0]LogSlate: Could not find file for Slate resource: ../../../Engine/Content/Editor/Slate/Launcher/Linux/Platform_Linux_24x.png
[2018.10.11-23.17.31:379][  0]LogStreaming: Warning: Failed to read file '../../../Engine/Content/Editor/Slate/Launcher/Linux/Platform_Linux_128x.png' error.
[2018.10.11-23.17.31:379][  0]LogSlate: Could not find file for Slate resource: ../../../Engine/Content/Editor/Slate/Launcher/Linux/Platform_Linux_128x.png
[2018.10.11-23.17.31:379][  0]LogStreaming: Warning: Failed to read file '../../../Engine/Content/Editor/Slate/Launcher/Linux/Platform_Linux_128x.png' error.
[2018.10.11-23.17.31:379][  0]LogSlate: Could not find file for Slate resource: ../../../Engine/Content/Editor/Slate/Launcher/Linux/Platform_Linux_128x.png
[2018.10.11-23.17.31:379][  0]LogStreaming: Warning: Failed to read file '../../../Engine/Content/Editor/Slate/Launcher/Linux/Platform_Linux_24x.png' error.
[2018.10.11-23.17.31:380][  0]LogSlate: Could not find file for Slate resource: ../../../Engine/Content/Editor/Slate/Launcher/Linux/Platform_Linux_24x.png
[2018.10.11-23.17.31:380][  0]LogStreaming: Warning: Failed to read file '../../../Engine/Content/Editor/Slate/Launcher/Linux/Platform_Linux_128x.png' error.
[2018.10.11-23.17.31:380][  0]LogSlate: Could not find file for Slate resource: ../../../Engine/Content/Editor/Slate/Launcher/Linux/Platform_Linux_128x.png
[2018.10.11-23.17.31:380][  0]LogStreaming: Warning: Failed to read file '../../../Engine/Content/Editor/Slate/Launcher/Linux/Platform_Linux_128x.png' error.
[2018.10.11-23.17.31:380][  0]LogSlate: Could not find file for Slate resource: ../../../Engine/Content/Editor/Slate/Launcher/Linux/Platform_Linux_128x.png
[2018.10.11-23.17.31:380][  0]LogStreaming: Warning: Failed to read file '../../../Engine/Content/Editor/Slate/Launcher/Linux/Platform_Linux_24x.png' error.
[2018.10.11-23.17.31:380][  0]LogSlate: Could not find file for Slate resource: ../../../Engine/Content/Editor/Slate/Launcher/Linux/Platform_Linux_24x.png
[2018.10.11-23.17.31:380][  0]LogStreaming: Warning: Failed to read file '../../../Engine/Content/Editor/Slate/Launcher/Linux/Platform_Linux_128x.png' error.
[2018.10.11-23.17.31:380][  0]LogSlate: Could not find file for Slate resource: ../../../Engine/Content/Editor/Slate/Launcher/Linux/Platform_Linux_128x.png
[2018.10.11-23.17.31:380][  0]LogStreaming: Warning: Failed to read file '../../../Engine/Content/Editor/Slate/Launcher/Linux/Platform_Linux_128x.png' error.
[2018.10.11-23.17.31:380][  0]LogSlate: Could not find file for Slate resource: ../../../Engine/Content/Editor/Slate/Launcher/Linux/Platform_Linux_128x.png
[2018.10.11-23.17.31:380][  0]LogStreaming: Warning: Failed to read file '../../../Engine/Content/Editor/Slate/Launcher/Linux/Platform_Linux_24x.png' error.
[2018.10.11-23.17.31:380][  0]LogSlate: Could not find file for Slate resource: ../../../Engine/Content/Editor/Slate/Launcher/Linux/Platform_Linux_24x.png
[2018.10.11-23.17.31:380][  0]LogStreaming: Warning: Failed to read file '../../../Engine/Content/Editor/Slate/Launcher/Linux/Platform_Linux_128x.png' error.
[2018.10.11-23.17.31:380][  0]LogSlate: Could not find file for Slate resource: ../../../Engine/Content/Editor/Slate/Launcher/Linux/Platform_Linux_128x.png
[2018.10.11-23.17.31:380][  0]LogStreaming: Warning: Failed to read file '../../../Engine/Content/Editor/Slate/Launcher/Linux/Platform_Linux_128x.png' error.
[2018.10.11-23.17.31:380][  0]LogSlate: Could not find file for Slate resource: ../../../Engine/Content/Editor/Slate/Launcher/Linux/Platform_Linux_128x.png
[2018.10.11-23.17.31:380][  0]LogStreaming: Warning: Failed to read file '../../../Engine/Content/Editor/Slate/Launcher/iOS/Platform_iOS_24x.png' error.
[2018.10.11-23.17.31:380][  0]LogSlate: Could not find file for Slate resource: ../../../Engine/Content/Editor/Slate/Launcher/iOS/Platform_iOS_24x.png
[2018.10.11-23.17.31:380][  0]LogStreaming: Warning: Failed to read file '../../../Engine/Content/Editor/Slate/Launcher/iOS/Platform_iOS_128x.png' error.
[2018.10.11-23.17.31:380][  0]LogSlate: Could not find file for Slate resource: ../../../Engine/Content/Editor/Slate/Launcher/iOS/Platform_iOS_128x.png
[2018.10.11-23.17.31:380][  0]LogStreaming: Warning: Failed to read file '../../../Engine/Content/Editor/Slate/Launcher/iOS/Platform_iOS_128x.png' error.
[2018.10.11-23.17.31:380][  0]LogSlate: Could not find file for Slate resource: ../../../Engine/Content/Editor/Slate/Launcher/iOS/Platform_iOS_128x.png
[2018.10.11-23.17.31:380][  0]LogStreaming: Warning: Failed to read file '../../../Engine/Content/Editor/Slate/Launcher/iOS/Platform_iOS_24x.png' error.
[2018.10.11-23.17.31:380][  0]LogSlate: Could not find file for Slate resource: ../../../Engine/Content/Editor/Slate/Launcher/iOS/Platform_iOS_24x.png
[2018.10.11-23.17.31:380][  0]LogStreaming: Warning: Failed to read file '../../../Engine/Content/Editor/Slate/Launcher/iOS/Platform_iOS_128x.png' error.
[2018.10.11-23.17.31:380][  0]LogSlate: Could not find file for Slate resource: ../../../Engine/Content/Editor/Slate/Launcher/iOS/Platform_iOS_128x.png
[2018.10.11-23.17.31:380][  0]LogStreaming: Warning: Failed to read file '../../../Engine/Content/Editor/Slate/Launcher/iOS/Platform_iOS_128x.png' error.
[2018.10.11-23.17.31:380][  0]LogSlate: Could not find file for Slate resource: ../../../Engine/Content/Editor/Slate/Launcher/iOS/Platform_iOS_128x.png
[2018.10.11-23.17.31:380][  0]LogStreaming: Warning: Failed to read file '../../../Engine/Content/Editor/Slate/Launcher/Android/Platform_Android_24x.png' error.
[2018.10.11-23.17.31:381][  0]LogSlate: Could not find file for Slate resource: ../../../Engine/Content/Editor/Slate/Launcher/Android/Platform_Android_24x.png
[2018.10.11-23.17.31:381][  0]LogStreaming: Warning: Failed to read file '../../../Engine/Content/Editor/Slate/Launcher/Android/Platform_Android_128x.png' error.
[2018.10.11-23.17.31:381][  0]LogSlate: Could not find file for Slate resource: ../../../Engine/Content/Editor/Slate/Launcher/Android/Platform_Android_128x.png
[2018.10.11-23.17.31:381][  0]LogStreaming: Warning: Failed to read file '../../../Engine/Content/Editor/Slate/Launcher/Android/Platform_Android_128x.png' error.
[2018.10.11-23.17.31:381][  0]LogSlate: Could not find file for Slate resource: ../../../Engine/Content/Editor/Slate/Launcher/Android/Platform_Android_128x.png
[2018.10.11-23.17.31:381][  0]LogStreaming: Warning: Failed to read file '../../../Engine/Content/Editor/Slate/Launcher/Android/Platform_Android_24x.png' error.
[2018.10.11-23.17.31:381][  0]LogSlate: Could not find file for Slate resource: ../../../Engine/Content/Editor/Slate/Launcher/Android/Platform_Android_24x.png
[2018.10.11-23.17.31:381][  0]LogStreaming: Warning: Failed to read file '../../../Engine/Content/Editor/Slate/Launcher/Android/Platform_Android_128x.png' error.
[2018.10.11-23.17.31:381][  0]LogSlate: Could not find file for Slate resource: ../../../Engine/Content/Editor/Slate/Launcher/Android/Platform_Android_128x.png
[2018.10.11-23.17.31:381][  0]LogStreaming: Warning: Failed to read file '../../../Engine/Content/Editor/Slate/Launcher/Android/Platform_Android_128x.png' error.
[2018.10.11-23.17.31:381][  0]LogSlate: Could not find file for Slate resource: ../../../Engine/Content/Editor/Slate/Launcher/Android/Platform_Android_128x.png
[2018.10.11-23.17.31:381][  0]LogStreaming: Warning: Failed to read file '../../../Engine/Content/Editor/Slate/Launcher/Android/Platform_Android_ATC_24x.png' error.
[2018.10.11-23.17.31:381][  0]LogSlate: Could not find file for Slate resource: ../../../Engine/Content/Editor/Slate/Launcher/Android/Platform_Android_ATC_24x.png
[2018.10.11-23.17.31:381][  0]LogStreaming: Warning: Failed to read file '../../../Engine/Content/Editor/Slate/Launcher/Android/Platform_Android_128x.png' error.
[2018.10.11-23.17.31:381][  0]LogSlate: Could not find file for Slate resource: ../../../Engine/Content/Editor/Slate/Launcher/Android/Platform_Android_128x.png
[2018.10.11-23.17.31:381][  0]LogStreaming: Warning: Failed to read file '../../../Engine/Content/Editor/Slate/Launcher/Android/Platform_Android_128x.png' error.
[2018.10.11-23.17.31:381][  0]LogSlate: Could not find file for Slate resource: ../../../Engine/Content/Editor/Slate/Launcher/Android/Platform_Android_128x.png
[2018.10.11-23.17.31:381][  0]LogStreaming: Warning: Failed to read file '../../../Engine/Content/Editor/Slate/Launcher/Android/Platform_Android_DXT_24x.png' error.
[2018.10.11-23.17.31:381][  0]LogSlate: Could not find file for Slate resource: ../../../Engine/Content/Editor/Slate/Launcher/Android/Platform_Android_DXT_24x.png
[2018.10.11-23.17.31:381][  0]LogStreaming: Warning: Failed to read file '../../../Engine/Content/Editor/Slate/Launcher/Android/Platform_Android_128x.png' error.
[2018.10.11-23.17.31:381][  0]LogSlate: Could not find file for Slate resource: ../../../Engine/Content/Editor/Slate/Launcher/Android/Platform_Android_128x.png
[2018.10.11-23.17.31:381][  0]LogStreaming: Warning: Failed to read file '../../../Engine/Content/Editor/Slate/Launcher/Android/Platform_Android_128x.png' error.
[2018.10.11-23.17.31:381][  0]LogSlate: Could not find file for Slate resource: ../../../Engine/Content/Editor/Slate/Launcher/Android/Platform_Android_128x.png
[2018.10.11-23.17.31:381][  0]LogStreaming: Warning: Failed to read file '../../../Engine/Content/Editor/Slate/Launcher/Android/Platform_Android_ETC1_24x.png' error.
[2018.10.11-23.17.31:381][  0]LogSlate: Could not find file for Slate resource: ../../../Engine/Content/Editor/Slate/Launcher/Android/Platform_Android_ETC1_24x.png
[2018.10.11-23.17.31:381][  0]LogStreaming: Warning: Failed to read file '../../../Engine/Content/Editor/Slate/Launcher/Android/Platform_Android_128x.png' error.
[2018.10.11-23.17.31:381][  0]LogSlate: Could not find file for Slate resource: ../../../Engine/Content/Editor/Slate/Launcher/Android/Platform_Android_128x.png
[2018.10.11-23.17.31:381][  0]LogStreaming: Warning: Failed to read file '../../../Engine/Content/Editor/Slate/Launcher/Android/Platform_Android_128x.png' error.
[2018.10.11-23.17.31:381][  0]LogSlate: Could not find file for Slate resource: ../../../Engine/Content/Editor/Slate/Launcher/Android/Platform_Android_128x.png
[2018.10.11-23.17.31:382][  0]LogStreaming: Warning: Failed to read file '../../../Engine/Content/Editor/Slate/Launcher/Android/Platform_Android_ETC1_24x.png' error.
[2018.10.11-23.17.31:382][  0]LogSlate: Could not find file for Slate resource: ../../../Engine/Content/Editor/Slate/Launcher/Android/Platform_Android_ETC1_24x.png
[2018.10.11-23.17.31:382][  0]LogStreaming: Warning: Failed to read file '../../../Engine/Content/Editor/Slate/Launcher/Android/Platform_Android_128x.png' error.
[2018.10.11-23.17.31:382][  0]LogSlate: Could not find file for Slate resource: ../../../Engine/Content/Editor/Slate/Launcher/Android/Platform_Android_128x.png
[2018.10.11-23.17.31:382][  0]LogStreaming: Warning: Failed to read file '../../../Engine/Content/Editor/Slate/Launcher/Android/Platform_Android_128x.png' error.
[2018.10.11-23.17.31:382][  0]LogSlate: Could not find file for Slate resource: ../../../Engine/Content/Editor/Slate/Launcher/Android/Platform_Android_128x.png
[2018.10.11-23.17.31:382][  0]LogStreaming: Warning: Failed to read file '../../../Engine/Content/Editor/Slate/Launcher/Android/Platform_Android_ETC2_24x.png' error.
[2018.10.11-23.17.31:382][  0]LogSlate: Could not find file for Slate resource: ../../../Engine/Content/Editor/Slate/Launcher/Android/Platform_Android_ETC2_24x.png
[2018.10.11-23.17.31:382][  0]LogStreaming: Warning: Failed to read file '../../../Engine/Content/Editor/Slate/Launcher/Android/Platform_Android_128x.png' error.
[2018.10.11-23.17.31:382][  0]LogSlate: Could not find file for Slate resource: ../../../Engine/Content/Editor/Slate/Launcher/Android/Platform_Android_128x.png
[2018.10.11-23.17.31:382][  0]LogStreaming: Warning: Failed to read file '../../../Engine/Content/Editor/Slate/Launcher/Android/Platform_Android_128x.png' error.
[2018.10.11-23.17.31:382][  0]LogSlate: Could not find file for Slate resource: ../../../Engine/Content/Editor/Slate/Launcher/Android/Platform_Android_128x.png
[2018.10.11-23.17.31:382][  0]LogStreaming: Warning: Failed to read file '../../../Engine/Content/Editor/Slate/Launcher/Android/Platform_Android_PVRTC_24x.png' error.
[2018.10.11-23.17.31:382][  0]LogSlate: Could not find file for Slate resource: ../../../Engine/Content/Editor/Slate/Launcher/Android/Platform_Android_PVRTC_24x.png
[2018.10.11-23.17.31:382][  0]LogStreaming: Warning: Failed to read file '../../../Engine/Content/Editor/Slate/Launcher/Android/Platform_Android_128x.png' error.
[2018.10.11-23.17.31:382][  0]LogSlate: Could not find file for Slate resource: ../../../Engine/Content/Editor/Slate/Launcher/Android/Platform_Android_128x.png
[2018.10.11-23.17.31:382][  0]LogStreaming: Warning: Failed to read file '../../../Engine/Content/Editor/Slate/Launcher/Android/Platform_Android_128x.png' error.
[2018.10.11-23.17.31:382][  0]LogSlate: Could not find file for Slate resource: ../../../Engine/Content/Editor/Slate/Launcher/Android/Platform_Android_128x.png
[2018.10.11-23.17.31:382][  0]LogStreaming: Warning: Failed to read file '../../../Engine/Content/Editor/Slate/Launcher/Android/Platform_Android_ASTC_24x.png' error.
[2018.10.11-23.17.31:382][  0]LogSlate: Could not find file for Slate resource: ../../../Engine/Content/Editor/Slate/Launcher/Android/Platform_Android_ASTC_24x.png
[2018.10.11-23.17.31:382][  0]LogStreaming: Warning: Failed to read file '../../../Engine/Content/Editor/Slate/Launcher/Android/Platform_Android_128x.png' error.
[2018.10.11-23.17.31:382][  0]LogSlate: Could not find file for Slate resource: ../../../Engine/Content/Editor/Slate/Launcher/Android/Platform_Android_128x.png
[2018.10.11-23.17.31:382][  0]LogStreaming: Warning: Failed to read file '../../../Engine/Content/Editor/Slate/Launcher/Android/Platform_Android_128x.png' error.
[2018.10.11-23.17.31:382][  0]LogSlate: Could not find file for Slate resource: ../../../Engine/Content/Editor/Slate/Launcher/Android/Platform_Android_128x.png
[2018.10.11-23.17.31:382][  0]LogStreaming: Warning: Failed to read file '../../../Engine/Content/Editor/Slate/Launcher/Android/Platform_Android_24x.png' error.
[2018.10.11-23.17.31:382][  0]LogSlate: Could not find file for Slate resource: ../../../Engine/Content/Editor/Slate/Launcher/Android/Platform_Android_24x.png
[2018.10.11-23.17.31:382][  0]LogStreaming: Warning: Failed to read file '../../../Engine/Content/Editor/Slate/Launcher/Android/Platform_Android_128x.png' error.
[2018.10.11-23.17.31:382][  0]LogSlate: Could not find file for Slate resource: ../../../Engine/Content/Editor/Slate/Launcher/Android/Platform_Android_128x.png
[2018.10.11-23.17.31:382][  0]LogStreaming: Warning: Failed to read file '../../../Engine/Content/Editor/Slate/Launcher/Android/Platform_Android_128x.png' error.
[2018.10.11-23.17.31:382][  0]LogSlate: Could not find file for Slate resource: ../../../Engine/Content/Editor/Slate/Launcher/Android/Platform_Android_128x.png
[2018.10.11-23.17.31:382][  0]LogStreaming: Warning: Failed to read file '../../../Engine/Content/Editor/Slate/Launcher/Android/Platform_Android_24x.png' error.
[2018.10.11-23.17.31:383][  0]LogSlate: Could not find file for Slate resource: ../../../Engine/Content/Editor/Slate/Launcher/Android/Platform_Android_24x.png
[2018.10.11-23.17.31:383][  0]LogStreaming: Warning: Failed to read file '../../../Engine/Content/Editor/Slate/Launcher/Android/Platform_Android_128x.png' error.
[2018.10.11-23.17.31:383][  0]LogSlate: Could not find file for Slate resource: ../../../Engine/Content/Editor/Slate/Launcher/Android/Platform_Android_128x.png
[2018.10.11-23.17.31:383][  0]LogStreaming: Warning: Failed to read file '../../../Engine/Content/Editor/Slate/Launcher/Android/Platform_Android_128x.png' error.
[2018.10.11-23.17.31:383][  0]LogSlate: Could not find file for Slate resource: ../../../Engine/Content/Editor/Slate/Launcher/Android/Platform_Android_128x.png
[2018.10.11-23.17.31:383][  0]LogStreaming: Warning: Failed to read file '../../../Engine/Content/Editor/Slate/Launcher/Android/Platform_Android_ATC_24x.png' error.
[2018.10.11-23.17.31:383][  0]LogSlate: Could not find file for Slate resource: ../../../Engine/Content/Editor/Slate/Launcher/Android/Platform_Android_ATC_24x.png
[2018.10.11-23.17.31:383][  0]LogStreaming: Warning: Failed to read file '../../../Engine/Content/Editor/Slate/Launcher/Android/Platform_Android_128x.png' error.
[2018.10.11-23.17.31:383][  0]LogSlate: Could not find file for Slate resource: ../../../Engine/Content/Editor/Slate/Launcher/Android/Platform_Android_128x.png
[2018.10.11-23.17.31:383][  0]LogStreaming: Warning: Failed to read file '../../../Engine/Content/Editor/Slate/Launcher/Android/Platform_Android_128x.png' error.
[2018.10.11-23.17.31:383][  0]LogSlate: Could not find file for Slate resource: ../../../Engine/Content/Editor/Slate/Launcher/Android/Platform_Android_128x.png
[2018.10.11-23.17.31:383][  0]LogStreaming: Warning: Failed to read file '../../../Engine/Content/Editor/Slate/Launcher/Android/Platform_Android_DXT_24x.png' error.
[2018.10.11-23.17.31:383][  0]LogSlate: Could not find file for Slate resource: ../../../Engine/Content/Editor/Slate/Launcher/Android/Platform_Android_DXT_24x.png
[2018.10.11-23.17.31:383][  0]LogStreaming: Warning: Failed to read file '../../../Engine/Content/Editor/Slate/Launcher/Android/Platform_Android_128x.png' error.
[2018.10.11-23.17.31:383][  0]LogSlate: Could not find file for Slate resource: ../../../Engine/Content/Editor/Slate/Launcher/Android/Platform_Android_128x.png
[2018.10.11-23.17.31:383][  0]LogStreaming: Warning: Failed to read file '../../../Engine/Content/Editor/Slate/Launcher/Android/Platform_Android_128x.png' error.
[2018.10.11-23.17.31:383][  0]LogSlate: Could not find file for Slate resource: ../../../Engine/Content/Editor/Slate/Launcher/Android/Platform_Android_128x.png
[2018.10.11-23.17.31:383][  0]LogStreaming: Warning: Failed to read file '../../../Engine/Content/Editor/Slate/Launcher/Android/Platform_Android_ETC1_24x.png' error.
[2018.10.11-23.17.31:383][  0]LogSlate: Could not find file for Slate resource: ../../../Engine/Content/Editor/Slate/Launcher/Android/Platform_Android_ETC1_24x.png
[2018.10.11-23.17.31:383][  0]LogStreaming: Warning: Failed to read file '../../../Engine/Content/Editor/Slate/Launcher/Android/Platform_Android_128x.png' error.
[2018.10.11-23.17.31:383][  0]LogSlate: Could not find file for Slate resource: ../../../Engine/Content/Editor/Slate/Launcher/Android/Platform_Android_128x.png
[2018.10.11-23.17.31:383][  0]LogStreaming: Warning: Failed to read file '../../../Engine/Content/Editor/Slate/Launcher/Android/Platform_Android_128x.png' error.
[2018.10.11-23.17.31:383][  0]LogSlate: Could not find file for Slate resource: ../../../Engine/Content/Editor/Slate/Launcher/Android/Platform_Android_128x.png
[2018.10.11-23.17.31:383][  0]LogStreaming: Warning: Failed to read file '../../../Engine/Content/Editor/Slate/Launcher/Android/Platform_Android_ETC1_24x.png' error.
[2018.10.11-23.17.31:383][  0]LogSlate: Could not find file for Slate resource: ../../../Engine/Content/Editor/Slate/Launcher/Android/Platform_Android_ETC1_24x.png
[2018.10.11-23.17.31:383][  0]LogStreaming: Warning: Failed to read file '../../../Engine/Content/Editor/Slate/Launcher/Android/Platform_Android_128x.png' error.
[2018.10.11-23.17.31:383][  0]LogSlate: Could not find file for Slate resource: ../../../Engine/Content/Editor/Slate/Launcher/Android/Platform_Android_128x.png
[2018.10.11-23.17.31:383][  0]LogStreaming: Warning: Failed to read file '../../../Engine/Content/Editor/Slate/Launcher/Android/Platform_Android_128x.png' error.
[2018.10.11-23.17.31:383][  0]LogSlate: Could not find file for Slate resource: ../../../Engine/Content/Editor/Slate/Launcher/Android/Platform_Android_128x.png
[2018.10.11-23.17.31:383][  0]LogStreaming: Warning: Failed to read file '../../../Engine/Content/Editor/Slate/Launcher/Android/Platform_Android_ETC2_24x.png' error.
[2018.10.11-23.17.31:383][  0]LogSlate: Could not find file for Slate resource: ../../../Engine/Content/Editor/Slate/Launcher/Android/Platform_Android_ETC2_24x.png
[2018.10.11-23.17.31:383][  0]LogStreaming: Warning: Failed to read file '../../../Engine/Content/Editor/Slate/Launcher/Android/Platform_Android_128x.png' error.
[2018.10.11-23.17.31:383][  0]LogSlate: Could not find file for Slate resource: ../../../Engine/Content/Editor/Slate/Launcher/Android/Platform_Android_128x.png
[2018.10.11-23.17.31:384][  0]LogStreaming: Warning: Failed to read file '../../../Engine/Content/Editor/Slate/Launcher/Android/Platform_Android_128x.png' error.
[2018.10.11-23.17.31:384][  0]LogSlate: Could not find file for Slate resource: ../../../Engine/Content/Editor/Slate/Launcher/Android/Platform_Android_128x.png
[2018.10.11-23.17.31:384][  0]LogStreaming: Warning: Failed to read file '../../../Engine/Content/Editor/Slate/Launcher/Android/Platform_Android_PVRTC_24x.png' error.
[2018.10.11-23.17.31:384][  0]LogSlate: Could not find file for Slate resource: ../../../Engine/Content/Editor/Slate/Launcher/Android/Platform_Android_PVRTC_24x.png
[2018.10.11-23.17.31:384][  0]LogStreaming: Warning: Failed to read file '../../../Engine/Content/Editor/Slate/Launcher/Android/Platform_Android_128x.png' error.
[2018.10.11-23.17.31:384][  0]LogSlate: Could not find file for Slate resource: ../../../Engine/Content/Editor/Slate/Launcher/Android/Platform_Android_128x.png
[2018.10.11-23.17.31:384][  0]LogStreaming: Warning: Failed to read file '../../../Engine/Content/Editor/Slate/Launcher/Android/Platform_Android_128x.png' error.
[2018.10.11-23.17.31:384][  0]LogSlate: Could not find file for Slate resource: ../../../Engine/Content/Editor/Slate/Launcher/Android/Platform_Android_128x.png
[2018.10.11-23.17.31:384][  0]LogStreaming: Warning: Failed to read file '../../../Engine/Content/Editor/Slate/Launcher/Android/Platform_Android_ASTC_24x.png' error.
[2018.10.11-23.17.31:384][  0]LogSlate: Could not find file for Slate resource: ../../../Engine/Content/Editor/Slate/Launcher/Android/Platform_Android_ASTC_24x.png
[2018.10.11-23.17.31:384][  0]LogStreaming: Warning: Failed to read file '../../../Engine/Content/Editor/Slate/Launcher/Android/Platform_Android_128x.png' error.
[2018.10.11-23.17.31:384][  0]LogSlate: Could not find file for Slate resource: ../../../Engine/Content/Editor/Slate/Launcher/Android/Platform_Android_128x.png
[2018.10.11-23.17.31:384][  0]LogStreaming: Warning: Failed to read file '../../../Engine/Content/Editor/Slate/Launcher/Android/Platform_Android_128x.png' error.
[2018.10.11-23.17.31:384][  0]LogSlate: Could not find file for Slate resource: ../../../Engine/Content/Editor/Slate/Launcher/Android/Platform_Android_128x.png
[2018.10.11-23.17.31:384][  0]LogStreaming: Warning: Failed to read file '../../../Engine/Content/Editor/Slate/Launcher/HTML5/Platform_HTML5_24x.png' error.
[2018.10.11-23.17.31:384][  0]LogSlate: Could not find file for Slate resource: ../../../Engine/Content/Editor/Slate/Launcher/HTML5/Platform_HTML5_24x.png
[2018.10.11-23.17.31:384][  0]LogStreaming: Warning: Failed to read file '../../../Engine/Content/Editor/Slate/Launcher/HTML5/Platform_HTML5_128x.png' error.
[2018.10.11-23.17.31:384][  0]LogSlate: Could not find file for Slate resource: ../../../Engine/Content/Editor/Slate/Launcher/HTML5/Platform_HTML5_128x.png
[2018.10.11-23.17.31:384][  0]LogStreaming: Warning: Failed to read file '../../../Engine/Content/Editor/Slate/Launcher/HTML5/Platform_HTML5_128x.png' error.
[2018.10.11-23.17.31:384][  0]LogSlate: Could not find file for Slate resource: ../../../Engine/Content/Editor/Slate/Launcher/HTML5/Platform_HTML5_128x.png
[2018.10.11-23.17.31:385][  0]LogStreaming: Warning: Failed to read file '../../../Engine/Content/Editor/Slate/Launcher/TVOS/Platform_TVOS_24x.png' error.
[2018.10.11-23.17.31:385][  0]LogSlate: Could not find file for Slate resource: ../../../Engine/Content/Editor/Slate/Launcher/TVOS/Platform_TVOS_24x.png
[2018.10.11-23.17.31:385][  0]LogStreaming: Warning: Failed to read file '../../../Engine/Content/Editor/Slate/Launcher/TVOS/Platform_TVOS_128x.png' error.
[2018.10.11-23.17.31:385][  0]LogSlate: Could not find file for Slate resource: ../../../Engine/Content/Editor/Slate/Launcher/TVOS/Platform_TVOS_128x.png
[2018.10.11-23.17.31:385][  0]LogStreaming: Warning: Failed to read file '../../../Engine/Content/Editor/Slate/Launcher/TVOS/Platform_TVOS_128x.png' error.
[2018.10.11-23.17.31:385][  0]LogSlate: Could not find file for Slate resource: ../../../Engine/Content/Editor/Slate/Launcher/TVOS/Platform_TVOS_128x.png
[2018.10.11-23.17.31:385][  0]LogStreaming: Warning: Failed to read file '../../../Engine/Content/Editor/Slate/Launcher/TVOS/Platform_TVOS_24x.png' error.
[2018.10.11-23.17.31:385][  0]LogSlate: Could not find file for Slate resource: ../../../Engine/Content/Editor/Slate/Launcher/TVOS/Platform_TVOS_24x.png
[2018.10.11-23.17.31:386][  0]LogStreaming: Warning: Failed to read file '../../../Engine/Content/Editor/Slate/Launcher/TVOS/Platform_TVOS_128x.png' error.
[2018.10.11-23.17.31:386][  0]LogSlate: Could not find file for Slate resource: ../../../Engine/Content/Editor/Slate/Launcher/TVOS/Platform_TVOS_128x.png
[2018.10.11-23.17.31:386][  0]LogStreaming: Warning: Failed to read file '../../../Engine/Content/Editor/Slate/Launcher/TVOS/Platform_TVOS_128x.png' error.
[2018.10.11-23.17.31:386][  0]LogSlate: Could not find file for Slate resource: ../../../Engine/Content/Editor/Slate/Launcher/TVOS/Platform_TVOS_128x.png
[2018.10.11-23.17.31:386][  0]LogStreaming: Warning: Failed to read file '../../../Engine/Content/Editor/Slate/Launcher/LuminTarget/Platform_Lumin_24x.png' error.
[2018.10.11-23.17.31:386][  0]LogSlate: Could not find file for Slate resource: ../../../Engine/Content/Editor/Slate/Launcher/LuminTarget/Platform_Lumin_24x.png
[2018.10.11-23.17.31:386][  0]LogStreaming: Warning: Failed to read file '../../../Engine/Content/Editor/Slate/Launcher/Lumin/Platform_Lumin_128x.png' error.
[2018.10.11-23.17.31:386][  0]LogSlate: Could not find file for Slate resource: ../../../Engine/Content/Editor/Slate/Launcher/Lumin/Platform_Lumin_128x.png
[2018.10.11-23.17.31:386][  0]LogStreaming: Warning: Failed to read file '../../../Engine/Content/Editor/Slate/Launcher/Lumin/Platform_Lumin_128x.png' error.
[2018.10.11-23.17.31:386][  0]LogSlate: Could not find file for Slate resource: ../../../Engine/Content/Editor/Slate/Launcher/Lumin/Platform_Lumin_128x.png
[2018.10.11-23.17.32:439][  0]LogTcpMessaging: Initializing TcpMessaging bridge
[2018.10.11-23.17.32:471][  0]LogUdpMessaging: Initializing bridge on interface 0.0.0.0:0 to multicast group 230.0.0.1:6666.
[2018.10.11-23.17.33:037][  0]SourceControl: Source control is disabled
[2018.10.11-23.17.33:037][  0]SourceControl: Source control is disabled
[2018.10.11-23.17.33:039][  0]SourceControl: Source control is disabled
[2018.10.11-23.17.33:462][  0]LogOcInput: OculusInput pre-init called
[2018.10.11-23.17.33:612][  0]LogEngine: Initializing Engine...
[2018.10.11-23.17.33:614][  0]LogHMD: Failed to initialize OpenVR with code 110
[2018.10.11-23.17.33:619][  0]LogStats: UGameplayTagsManager::ConstructGameplayTagTree: ImportINI prefixes -  0.000 s
[2018.10.11-23.17.33:619][  0]LogStats: UGameplayTagsManager::ConstructGameplayTagTree: Construct from data asset -  0.000 s
[2018.10.11-23.17.33:619][  0]LogStats: UGameplayTagsManager::ConstructGameplayTagTree: ImportINI -  0.000 s
[2018.10.11-23.17.33:619][  0]LogStats: UGameplayTagsManager::ConstructGameplayTagTree: GameplayTagTreeChangedEvent.Broadcast -  0.000 s
[2018.10.11-23.17.34:437][  0]LogInit: Initializing FReadOnlyCVARCache
[2018.10.11-23.17.34:459][  0]LogAIModule: Creating AISystem for world Untitled
[2018.10.11-23.17.34:493][  0]LogInit: XAudio2 using 'HP Z30i (NVIDIA High Definition Audio)' : 2 channels at 48 kHz using 16 bits per sample (channel mask 0x3)
[2018.10.11-23.17.34:547][  0]LogInit: FAudioDevice initialized.
[2018.10.11-23.17.34:547][  0]LogNetVersion: Set ProjectVersion to 1.0.0.0. Version Checksum will be recalculated on next use.
[2018.10.11-23.17.34:616][  0]LogDerivedDataCache: Saved boot cache 0.07s 71MB C:/Users/kongs026/Workspace/UE4_Projects/HelloWorld/DerivedDataCache/Boot.ddc.
[2018.10.11-23.17.34:619][  0]LogInit: Texture streaming: Enabled
[2018.10.11-23.17.34:650][  0]LogEngineSessionManager: EngineSessionManager initialized
[2018.10.11-23.17.34:668][  0]LogInit: Transaction tracking system initialized
[2018.10.11-23.17.34:686][  0]BlueprintLog: New page: Editor Load
[2018.10.11-23.17.34:924][  0]LocalizationService: Localization service is disabled
[2018.10.11-23.17.35:930][  0]LogCook: Display: Max memory allowance for cook 16384mb min free memory 0mb
[2018.10.11-23.17.35:930][  0]LogCook: Display: Mobile HDR setting 1
[2018.10.11-23.17.35:930][  0]LogGameplayTags: Display: UGameplayTagsManager::DoneAddingNativeTags. DelegateIsBound: 0
[2018.10.11-23.17.35:931][  0]LogStats: UGameplayTagsManager::ConstructGameplayTagTree: ImportINI prefixes -  0.000 s
[2018.10.11-23.17.35:931][  0]LogStats: UGameplayTagsManager::ConstructGameplayTagTree: Construct from data asset -  0.000 s
[2018.10.11-23.17.35:931][  0]LogFileCache: Scanning file cache for directory 'C:/Users/kongs026/Workspace/UE4_Projects/HelloWorld/Content/' took 0.01s
[2018.10.11-23.17.35:931][  0]LogStats: UGameplayTagsManager::ConstructGameplayTagTree: ImportINI -  0.000 s
[2018.10.11-23.17.35:931][  0]LogStats: UGameplayTagsManager::ConstructGameplayTagTree: GameplayTagTreeChangedEvent.Broadcast -  0.000 s
[2018.10.11-23.17.36:398][  0]SourceControl: Source control is disabled
[2018.10.11-23.17.36:398][  0]Cmd: MAP LOAD FILE="../../../Engine/Content/Maps/Templates/Template_Default.umap" TEMPLATE=1 SHOWPROGRESS=1 FEATURELEVEL=3
[2018.10.11-23.17.36:399][  0]LightingResults: New page: Lighting Build
[2018.10.11-23.17.36:401][  0]MapCheck: New page: Map Check
[2018.10.11-23.17.36:401][  0]LightingResults: New page: Lighting Build
[2018.10.11-23.17.36:709][  0]LogAIModule: Creating AISystem for world Untitled_1
[2018.10.11-23.17.36:756][  0]LogEditorServer: Finished looking for orphan Actors (0.000 secs)
[2018.10.11-23.17.36:795][  0]Cmd: MAP CHECKDEP NOCLEARLOG
[2018.10.11-23.17.36:928][  0]MapCheck: Map check complete: 0 Error(s), 0 Warning(s), took 133.316ms to complete.
[2018.10.11-23.17.36:928][  0]LogFileHelpers: Loading map 'Template_Default' took 0.530
[2018.10.11-23.17.37:082][  0]LogSlate: Updating window title bar state: overlay mode, drag disabled, window buttons hidden, title bar hidden
[2018.10.11-23.17.37:087][  0]LogSlate: Updating window title bar state: overlay mode, drag disabled, window buttons hidden, title bar hidden
[2018.10.11-23.17.37:092][  0]LogSlate: Updating window title bar state: overlay mode, drag disabled, window buttons hidden, title bar hidden
[2018.10.11-23.17.37:097][  0]LogSlate: Updating window title bar state: overlay mode, drag disabled, window buttons hidden, title bar hidden
[2018.10.11-23.17.37:102][  0]LogCollectionManager: Loaded 0 collections in 0.001178 seconds
[2018.10.11-23.17.37:159][  0]LogFileCache: Scanning file cache for directory 'C:/Users/kongs026/Workspace/UE4_Projects/HelloWorld/Saved/Collections/' took 0.01s
[2018.10.11-23.17.37:159][  0]LogFileCache: Scanning file cache for directory 'C:/Users/kongs026/Workspace/UE4_Projects/HelloWorld/Content/Developers/kongs026/Collections/' took 0.01s
[2018.10.11-23.17.37:159][  0]LogFileCache: Scanning file cache for directory 'C:/Users/kongs026/Workspace/UE4_Projects/HelloWorld/Content/Collections/' took 0.01s
[2018.10.11-23.17.37:159][  0]LogCollectionManager: Rebuilt the GUID cache for 0 collections in 0.000000 seconds
[2018.10.11-23.17.37:167][  0]LogContentBrowser: Native class hierarchy populated in 0.0074 seconds. Added 2544 classes and 561 folders.
[2018.10.11-23.17.37:172][  0]LogContentBrowser: Native class hierarchy updated for 'WidgetCarousel' in 0.0002 seconds. Added 0 classes and 0 folders.
[2018.10.11-23.17.37:223][  0]LogContentBrowser: Native class hierarchy updated for 'AddContentDialog' in 0.0003 seconds. Added 0 classes and 0 folders.
[2018.10.11-23.17.37:229][  0]LogContentBrowser: Native class hierarchy updated for 'SceneOutliner' in 0.0003 seconds. Added 1 classes and 2 folders.
[2018.10.11-23.17.37:256][  0]LogSlate: Took 0.000574 seconds to synchronously load lazily loaded font '../../../Engine/Content/Slate/Fonts/Roboto-Regular.ttf' (155K)
[2018.10.11-23.17.37:260][  0]LogSlate: Took 0.000432 seconds to synchronously load lazily loaded font '../../../Engine/Content/Slate/Fonts/Roboto-Bold.ttf' (160K)
[2018.10.11-23.17.37:269][  0]LogSlate: Took 0.000934 seconds to synchronously load lazily loaded font '../../../Engine/Content/Editor/Slate/Fonts/FontAwesome.ttf' (139K)
[2018.10.11-23.17.37:323][  0]LogTexture: Display: Building textures: LevelGrid1DStripes (BGRA8, 4096X1)
[2018.10.11-23.17.37:323][  0]LogMaterial: Display: Missing cached shader map for material LevelGridMaterial2, compiling. 
[2018.10.11-23.17.37:370][  0]LogShaderCompilers: Display: Shaders left to compile 16
[2018.10.11-23.17.37:370][  0]LogShaderCompilers: Display: Shaders left to compile 6
[2018.10.11-23.17.37:370][  0]LogRenderer: Reallocating scene render targets to support 1616x916 Format 10 NumSamples 1 (Frame:1).
[2018.10.11-23.17.37:563][  0]LogSlate: FSceneViewport::OnFocusLost() reason 2
[2018.10.11-23.17.37:595][  0]LogTexture: Display: Building textures: Blueprint_64x (BGRA8, 64X64)
[2018.10.11-23.17.37:595][  0]LogTexture: Display: Building textures: icon_Editor_Preferences_General_40x (BGRA8, 40X40)
[2018.10.11-23.17.37:595][  0]LogTexture: Display: Building textures: Paper2DSprite_TutorialIcon (BGRA8, 64X64)
[2018.10.11-23.17.37:595][  0]LogTexture: Display: Building textures: icon_ShowSkeletalMeshes_40x (BGRA8, 40X40)
[2018.10.11-23.17.37:595][  0]LogTexture: Display: Building textures: Landscape (BGRA8, 40X40)
[2018.10.11-23.17.37:595][  0]LogTexture: Display: Building textures: Foliage (BGRA8, 40X40)
[2018.10.11-23.17.37:595][  0]LogSlate: Window 'Tutorials' being destroyed
[2018.10.11-23.17.37:631][  0]LogContentBrowser: Native class hierarchy updated for 'HierarchicalLODOutliner' in 0.0002 seconds. Added 0 classes and 0 folders.
[2018.10.11-23.17.37:631][  0]LogLoad: (Engine Initialization) Total time: 17.84 seconds
[2018.10.11-23.17.37:631][  0]LogLoad: (Engine Initialization) Total Blueprint compile time: 0.00 seconds
[2018.10.11-23.17.37:641][  0]LogWindowsTextInputMethodSystem: Display: IME system now deactivated.
[2018.10.11-23.17.37:668][  0]LogContentStreaming: Texture pool size now 1000 MB
[2018.10.11-23.17.37:692][  1]LogTexture: Display: Building textures: icon_tab_Levels_40x (BGRA8, 40X40)
[2018.10.11-23.17.37:692][  1]Cmd: r.vsync 0
[2018.10.11-23.17.37:692][  1]r.VSync = "0"
[2018.10.11-23.17.37:705][  1]LogAssetRegistry: Asset discovery search completed in 10.6202 seconds
[2018.10.11-23.17.37:706][  1]LogCollectionManager: Rebuilt the object cache for 0 collections in 0.000000 seconds (found 0 objects)
[2018.10.11-23.17.37:706][  1]LogCollectionManager: Fixed up redirectors for 0 collections in 0.000048 seconds (updated 0 objects)
[2018.10.11-23.17.42:815][597]LogSlate: FSceneViewport::OnFocusLost() reason 0
